{"/Users/daniel/Documents/Bootcamp/Challenges/W2CH5/functions/board.js": {"path":"/Users/daniel/Documents/Bootcamp/Challenges/W2CH5/functions/board.js","statementMap":{"0":{"start":{"line":1,"column":24},"end":{"line":8,"column":1}},"1":{"start":{"line":2,"column":21},"end":{"line":2,"column":23}},"2":{"start":{"line":3,"column":2},"end":{"line":5,"column":3}},"3":{"start":{"line":3,"column":15},"end":{"line":3,"column":16}},"4":{"start":{"line":4,"column":4},"end":{"line":4,"column":23}},"5":{"start":{"line":7,"column":2},"end":{"line":7,"column":20}},"6":{"start":{"line":10,"column":27},"end":{"line":18,"column":1}},"7":{"start":{"line":11,"column":21},"end":{"line":11,"column":23}},"8":{"start":{"line":12,"column":2},"end":{"line":15,"column":3}},"9":{"start":{"line":12,"column":15},"end":{"line":12,"column":16}},"10":{"start":{"line":13,"column":16},"end":{"line":13,"column":43}},"11":{"start":{"line":14,"column":4},"end":{"line":14,"column":25}},"12":{"start":{"line":17,"column":2},"end":{"line":17,"column":20}},"13":{"start":{"line":20,"column":25},"end":{"line":35,"column":1}},"14":{"start":{"line":21,"column":15},"end":{"line":21,"column":17}},"15":{"start":{"line":22,"column":2},"end":{"line":25,"column":3}},"16":{"start":{"line":22,"column":15},"end":{"line":22,"column":16}},"17":{"start":{"line":23,"column":4},"end":{"line":23,"column":21}},"18":{"start":{"line":24,"column":4},"end":{"line":24,"column":24}},"19":{"start":{"line":27,"column":2},"end":{"line":29,"column":3}},"20":{"start":{"line":27,"column":15},"end":{"line":27,"column":16}},"21":{"start":{"line":28,"column":4},"end":{"line":28,"column":19}},"22":{"start":{"line":31,"column":2},"end":{"line":31,"column":20}},"23":{"start":{"line":32,"column":2},"end":{"line":32,"column":17}},"24":{"start":{"line":34,"column":2},"end":{"line":34,"column":13}}},"fnMap":{"0":{"name":"(anonymous_0)","decl":{"start":{"line":1,"column":24},"end":{"line":1,"column":25}},"loc":{"start":{"line":1,"column":33},"end":{"line":8,"column":1}},"line":1},"1":{"name":"(anonymous_1)","decl":{"start":{"line":10,"column":27},"end":{"line":10,"column":28}},"loc":{"start":{"line":10,"column":47},"end":{"line":18,"column":1}},"line":10},"2":{"name":"(anonymous_2)","decl":{"start":{"line":20,"column":25},"end":{"line":20,"column":26}},"loc":{"start":{"line":20,"column":34},"end":{"line":35,"column":1}},"line":20}},"branchMap":{},"s":{"0":1,"1":1,"2":1,"3":1,"4":2,"5":1,"6":1,"7":1,"8":1,"9":1,"10":2,"11":2,"12":1,"13":1,"14":2,"15":2,"16":2,"17":4,"18":4,"19":2,"20":2,"21":8,"22":2,"23":2,"24":2},"f":{"0":1,"1":1,"2":2},"b":{},"_coverageSchema":"1a1c01bbd47fc00a2c39e90264f33305004495a9","hash":"0b4d938457aaceb8f7391b11f03dfc4b9fdc8668"}
}
