{"/Users/daniel/Documents/Bootcamp/Challenges/W2CH5/functions/board.js": {"path":"/Users/daniel/Documents/Bootcamp/Challenges/W2CH5/functions/board.js","statementMap":{"0":{"start":{"line":1,"column":24},"end":{"line":8,"column":1}},"1":{"start":{"line":2,"column":21},"end":{"line":2,"column":23}},"2":{"start":{"line":3,"column":2},"end":{"line":5,"column":3}},"3":{"start":{"line":3,"column":15},"end":{"line":3,"column":16}},"4":{"start":{"line":4,"column":4},"end":{"line":4,"column":23}},"5":{"start":{"line":7,"column":2},"end":{"line":7,"column":20}},"6":{"start":{"line":10,"column":27},"end":{"line":18,"column":1}},"7":{"start":{"line":11,"column":21},"end":{"line":11,"column":23}},"8":{"start":{"line":12,"column":2},"end":{"line":15,"column":3}},"9":{"start":{"line":12,"column":15},"end":{"line":12,"column":16}},"10":{"start":{"line":13,"column":16},"end":{"line":13,"column":43}},"11":{"start":{"line":14,"column":4},"end":{"line":14,"column":25}},"12":{"start":{"line":17,"column":2},"end":{"line":17,"column":20}},"13":{"start":{"line":20,"column":25},"end":{"line":35,"column":1}},"14":{"start":{"line":21,"column":15},"end":{"line":21,"column":17}},"15":{"start":{"line":22,"column":2},"end":{"line":25,"column":3}},"16":{"start":{"line":22,"column":15},"end":{"line":22,"column":16}},"17":{"start":{"line":23,"column":4},"end":{"line":23,"column":21}},"18":{"start":{"line":24,"column":4},"end":{"line":24,"column":24}},"19":{"start":{"line":27,"column":2},"end":{"line":29,"column":3}},"20":{"start":{"line":27,"column":15},"end":{"line":27,"column":16}},"21":{"start":{"line":28,"column":4},"end":{"line":28,"column":19}},"22":{"start":{"line":31,"column":2},"end":{"line":31,"column":20}},"23":{"start":{"line":32,"column":2},"end":{"line":32,"column":17}},"24":{"start":{"line":34,"column":2},"end":{"line":34,"column":13}}},"fnMap":{"0":{"name":"(anonymous_0)","decl":{"start":{"line":1,"column":24},"end":{"line":1,"column":25}},"loc":{"start":{"line":1,"column":33},"end":{"line":8,"column":1}},"line":1},"1":{"name":"(anonymous_1)","decl":{"start":{"line":10,"column":27},"end":{"line":10,"column":28}},"loc":{"start":{"line":10,"column":47},"end":{"line":18,"column":1}},"line":10},"2":{"name":"(anonymous_2)","decl":{"start":{"line":20,"column":25},"end":{"line":20,"column":26}},"loc":{"start":{"line":20,"column":34},"end":{"line":35,"column":1}},"line":20}},"branchMap":{},"s":{"0":1,"1":1,"2":1,"3":1,"4":2,"5":1,"6":1,"7":1,"8":1,"9":1,"10":2,"11":2,"12":1,"13":1,"14":2,"15":2,"16":2,"17":4,"18":4,"19":2,"20":2,"21":8,"22":2,"23":2,"24":2},"f":{"0":1,"1":1,"2":2},"b":{},"_coverageSchema":"1a1c01bbd47fc00a2c39e90264f33305004495a9","hash":"0b4d938457aaceb8f7391b11f03dfc4b9fdc8668"}
,"/Users/daniel/Documents/Bootcamp/Challenges/W2CH5/functions/initialChange.js": {"path":"/Users/daniel/Documents/Bootcamp/Challenges/W2CH5/functions/initialChange.js","statementMap":{"0":{"start":{"line":1,"column":29},"end":{"line":9,"column":1}},"1":{"start":{"line":2,"column":2},"end":{"line":6,"column":3}},"2":{"start":{"line":2,"column":15},"end":{"line":2,"column":16}},"3":{"start":{"line":3,"column":14},"end":{"line":3,"column":47}},"4":{"start":{"line":4,"column":14},"end":{"line":4,"column":47}},"5":{"start":{"line":5,"column":4},"end":{"line":5,"column":20}},"6":{"start":{"line":8,"column":2},"end":{"line":8,"column":15}}},"fnMap":{"0":{"name":"(anonymous_0)","decl":{"start":{"line":1,"column":29},"end":{"line":1,"column":30}},"loc":{"start":{"line":1,"column":45},"end":{"line":9,"column":1}},"line":1}},"branchMap":{},"s":{"0":1,"1":1,"2":1,"3":3,"4":3,"5":3,"6":1},"f":{"0":1},"b":{},"_coverageSchema":"1a1c01bbd47fc00a2c39e90264f33305004495a9","hash":"38b4c2bf43b34e7b33e24c968402a97335b20312"}
,"/Users/daniel/Documents/Bootcamp/Challenges/W2CH5/functions/position.js": {"path":"/Users/daniel/Documents/Bootcamp/Challenges/W2CH5/functions/position.js","statementMap":{"0":{"start":{"line":1,"column":27},"end":{"line":13,"column":1}},"1":{"start":{"line":2,"column":17},"end":{"line":11,"column":3}},"2":{"start":{"line":12,"column":2},"end":{"line":12,"column":58}},"3":{"start":{"line":12,"column":36},"end":{"line":12,"column":49}},"4":{"start":{"line":15,"column":23},"end":{"line":25,"column":1}},"5":{"start":{"line":16,"column":2},"end":{"line":18,"column":3}},"6":{"start":{"line":17,"column":4},"end":{"line":17,"column":13}},"7":{"start":{"line":20,"column":2},"end":{"line":22,"column":3}},"8":{"start":{"line":21,"column":4},"end":{"line":21,"column":13}},"9":{"start":{"line":24,"column":2},"end":{"line":24,"column":11}},"10":{"start":{"line":27,"column":24},"end":{"line":41,"column":1}},"11":{"start":{"line":28,"column":22},"end":{"line":28,"column":24}},"12":{"start":{"line":29,"column":2},"end":{"line":38,"column":3}},"13":{"start":{"line":29,"column":15},"end":{"line":29,"column":16}},"14":{"start":{"line":30,"column":16},"end":{"line":30,"column":18}},"15":{"start":{"line":31,"column":4},"end":{"line":35,"column":5}},"16":{"start":{"line":31,"column":17},"end":{"line":31,"column":18}},"17":{"start":{"line":32,"column":25},"end":{"line":32,"column":49}},"18":{"start":{"line":33,"column":21},"end":{"line":33,"column":53}},"19":{"start":{"line":34,"column":6},"end":{"line":34,"column":23}},"20":{"start":{"line":37,"column":4},"end":{"line":37,"column":26}},"21":{"start":{"line":40,"column":2},"end":{"line":40,"column":21}}},"fnMap":{"0":{"name":"(anonymous_0)","decl":{"start":{"line":1,"column":27},"end":{"line":1,"column":28}},"loc":{"start":{"line":1,"column":54},"end":{"line":13,"column":1}},"line":1},"1":{"name":"(anonymous_1)","decl":{"start":{"line":12,"column":23},"end":{"line":12,"column":24}},"loc":{"start":{"line":12,"column":36},"end":{"line":12,"column":49}},"line":12},"2":{"name":"(anonymous_2)","decl":{"start":{"line":15,"column":23},"end":{"line":15,"column":24}},"loc":{"start":{"line":15,"column":45},"end":{"line":25,"column":1}},"line":15},"3":{"name":"(anonymous_3)","decl":{"start":{"line":27,"column":24},"end":{"line":27,"column":25}},"loc":{"start":{"line":27,"column":35},"end":{"line":41,"column":1}},"line":27}},"branchMap":{"0":{"loc":{"start":{"line":16,"column":2},"end":{"line":18,"column":3}},"type":"if","locations":[{"start":{"line":16,"column":2},"end":{"line":18,"column":3}},{"start":{},"end":{}}],"line":16},"1":{"loc":{"start":{"line":16,"column":6},"end":{"line":16,"column":58}},"type":"binary-expr","locations":[{"start":{"line":16,"column":6},"end":{"line":16,"column":16}},{"start":{"line":16,"column":21},"end":{"line":16,"column":37}},{"start":{"line":16,"column":41},"end":{"line":16,"column":57}}],"line":16},"2":{"loc":{"start":{"line":20,"column":2},"end":{"line":22,"column":3}},"type":"if","locations":[{"start":{"line":20,"column":2},"end":{"line":22,"column":3}},{"start":{},"end":{}}],"line":20},"3":{"loc":{"start":{"line":20,"column":6},"end":{"line":20,"column":36}},"type":"binary-expr","locations":[{"start":{"line":20,"column":6},"end":{"line":20,"column":16}},{"start":{"line":20,"column":20},"end":{"line":20,"column":36}}],"line":20}},"s":{"0":1,"1":20,"2":20,"3":160,"4":1,"5":22,"6":5,"7":17,"8":3,"9":14,"10":1,"11":1,"12":1,"13":1,"14":3,"15":3,"16":3,"17":18,"18":18,"19":18,"20":3,"21":1},"f":{"0":20,"1":160,"2":22,"3":1},"b":{"0":[5,17],"1":[22,9,6],"2":[3,14],"3":[17,13]},"_coverageSchema":"1a1c01bbd47fc00a2c39e90264f33305004495a9","hash":"d2044fc530e749aaf7958f646b52d3abae7dfb8f"}
}
