TN:
SF:functions/board.js
FN:1,(anonymous_0)
FN:10,(anonymous_1)
FN:20,(anonymous_2)
FNF:3
FNH:3
FNDA:1,(anonymous_0)
FNDA:1,(anonymous_1)
FNDA:2,(anonymous_2)
DA:1,1
DA:2,1
DA:3,1
DA:4,2
DA:7,1
DA:10,1
DA:11,1
DA:12,1
DA:13,2
DA:14,2
DA:17,1
DA:20,1
DA:21,2
DA:22,2
DA:23,4
DA:24,4
DA:27,2
DA:28,8
DA:31,2
DA:32,2
DA:34,2
LF:21
LH:21
BRF:0
BRH:0
end_of_record
TN:
SF:functions/initialChange.js
FN:1,(anonymous_0)
FNF:1
FNH:1
FNDA:1,(anonymous_0)
DA:1,1
DA:2,1
DA:3,3
DA:4,3
DA:5,3
DA:8,1
LF:6
LH:6
BRF:0
BRH:0
end_of_record
TN:
SF:functions/position.js
FN:1,(anonymous_0)
FN:12,(anonymous_1)
FN:15,(anonymous_2)
FN:27,(anonymous_3)
FNF:4
FNH:4
FNDA:20,(anonymous_0)
FNDA:160,(anonymous_1)
FNDA:22,(anonymous_2)
FNDA:1,(anonymous_3)
DA:1,1
DA:2,20
DA:12,160
DA:15,1
DA:16,22
DA:17,5
DA:20,17
DA:21,3
DA:24,14
DA:27,1
DA:28,1
DA:29,1
DA:30,3
DA:31,3
DA:32,18
DA:33,18
DA:34,18
DA:37,3
DA:40,1
LF:19
LH:19
BRDA:16,0,0,5
BRDA:16,0,1,17
BRDA:16,1,0,22
BRDA:16,1,1,9
BRDA:16,1,2,6
BRDA:20,2,0,3
BRDA:20,2,1,14
BRDA:20,3,0,17
BRDA:20,3,1,13
BRF:9
BRH:9
end_of_record
